<?xml version="1.0" encoding="UTF-8"?>
<!-- Generated by org.testng.reporters.JUnitReportReporter -->
<testsuite hostname="Tester" name="saucelabs.SauceLabsDemo" tests="1" failures="0" timestamp="24 Apr 2020 18:02:13 GMT" time="19.112" errors="0">
  <testcase name="shouldOpenSafari" time="19.112" classname="saucelabs.SauceLabsDemo"/>
</testsuite> <!-- saucelabs.SauceLabsDemo -->
