<?xml version="1.0" encoding="UTF-8"?>
<!-- Generated by org.testng.reporters.JUnitReportReporter -->
<testsuite hostname="LAPTOP-3DNME7KP" name="Sample.FrameWork.modules.LogIn" tests="2" failures="0" timestamp="22 Apr 2020 17:08:58 GMT" time="7.264" errors="0">
  <testcase name="homePage_ClickOnLoginButton" time="3.504" classname="Sample.FrameWork.modules.LogIn"/>
  <testcase name="enterCredentials" time="3.760" classname="Sample.FrameWork.modules.LogIn"/>
</testsuite> <!-- Sample.FrameWork.modules.LogIn -->
