<?xml version="1.0" encoding="UTF-8"?>
<!-- Generated by org.testng.reporters.JUnitReportReporter -->
<testsuite hostname="Tester" name="Sample.FrameWork.modules.LogIn" tests="2" failures="0" timestamp="23 Apr 2020 23:00:02 GMT" time="8.193" errors="0">
  <testcase name="homePage_ClickOnLoginButton" time="4.151" classname="Sample.FrameWork.modules.LogIn"/>
  <testcase name="enterCredentials" time="4.042" classname="Sample.FrameWork.modules.LogIn"/>
</testsuite> <!-- Sample.FrameWork.modules.LogIn -->
