<?xml version="1.0" encoding="UTF-8"?>
<!-- Generated by org.testng.reporters.JUnitReportReporter -->
<testsuite hostname="LAPTOP-3DNME7KP" name="Sample.FrameWork.modules.LogIn" tests="2" failures="0" timestamp="10 Apr 2020 09:00:13 GMT" time="5.219" errors="0">
  <testcase name="homePage_ClickOnLoginButton" time="2.659" classname="Sample.FrameWork.modules.LogIn"/>
  <testcase name="enterCredentials" time="2.560" classname="Sample.FrameWork.modules.LogIn"/>
</testsuite> <!-- Sample.FrameWork.modules.LogIn -->
