<?xml version="1.0" encoding="UTF-8"?>
<!-- Generated by org.testng.reporters.JUnitReportReporter -->
<testsuite hostname="LAPTOP-3DNME7KP" name="JavaScriptExecutor.javaScriptExeMethods" tests="1" failures="0" timestamp="8 Apr 2020 18:28:53 GMT" time="13.383" errors="0">
  <testcase name="javaScriptMethods" time="13.383" classname="JavaScriptExecutor.javaScriptExeMethods"/>
</testsuite> <!-- JavaScriptExecutor.javaScriptExeMethods -->
