<?xml version="1.0" encoding="UTF-8"?>
<!-- Generated by org.testng.reporters.JUnitReportReporter -->
<testsuite hostname="LAPTOP-3DNME7KP" name="locators.Csstest" tests="2" failures="0" timestamp="5 Apr 2020 17:56:41 GMT" time="14.810" errors="0">
  <testcase name="home_page_verification" time="0.530" classname="locators.Csstest"/>
  <testcase name="blaze_Meter" time="14.280" classname="locators.Csstest"/>
</testsuite> <!-- locators.Csstest -->
