<?xml version="1.0" encoding="UTF-8"?>
<!-- Generated by org.testng.reporters.JUnitReportReporter -->
<testsuite hostname="LAPTOP-3DNME7KP" name="Sample.FrameWork.modules.Download" tests="1" failures="0" timestamp="25 Jan 2020 18:03:05 GMT" time="1.575" errors="0">
  <testcase name="downloadpage" time="1.575" classname="Sample.FrameWork.modules.Download"/>
</testsuite> <!-- Sample.FrameWork.modules.Download -->
