<?xml version="1.0" encoding="UTF-8"?>
<!-- Generated by org.testng.reporters.JUnitReportReporter -->
<testsuite hostname="LAPTOP-3DNME7KP" name="Sample.FrameWork.modules.LogIn" tests="2" failures="0" timestamp="1 Apr 2020 06:41:08 GMT" time="5.509" errors="0">
  <testcase name="enterCredentials" time="2.706" classname="Sample.FrameWork.modules.LogIn"/>
  <testcase name="homePage_ClickOnLoginButton" time="2.803" classname="Sample.FrameWork.modules.LogIn"/>
</testsuite> <!-- Sample.FrameWork.modules.LogIn -->
