<?xml version="1.0" encoding="UTF-8"?>
<!-- Generated by org.testng.reporters.JUnitReportReporter -->
<testsuite hostname="LAPTOP-3DNME7KP" name="SingletonSelenium.PageTest" tests="1" failures="0" timestamp="18 Apr 2020 21:24:34 GMT" time="0.141" errors="0">
  <testcase name="title" time="0.141" classname="SingletonSelenium.PageTest"/>
</testsuite> <!-- SingletonSelenium.PageTest -->
