<?xml version="1.0" encoding="UTF-8"?>
<!-- Generated by org.testng.reporters.JUnitReportReporter -->
<testsuite hostname="LAPTOP-3DNME7KP" name="windowHandling.WidowHandling" tests="1" failures="0" timestamp="19 Jan 2020 14:49:17 GMT" time="20.049" errors="0">
  <testcase name="Windowhandle" time="20.049" classname="windowHandling.WidowHandling"/>
</testsuite> <!-- windowHandling.WidowHandling -->
