<?xml version="1.0" encoding="UTF-8"?>
<!-- Generated by org.testng.reporters.JUnitReportReporter -->
<testsuite hostname="Tester" name="Sample.FrameWork.modules.LogIn" tests="2" failures="0" timestamp="24 Apr 2020 14:50:04 GMT" time="6.574" errors="0">
  <testcase name="enterCredentials" time="3.098" classname="Sample.FrameWork.modules.LogIn"/>
  <testcase name="homePage_ClickOnLoginButton" time="3.476" classname="Sample.FrameWork.modules.LogIn"/>
</testsuite> <!-- Sample.FrameWork.modules.LogIn -->
