<?xml version="1.0" encoding="UTF-8"?>
<!-- Generated by org.testng.reporters.JUnitReportReporter -->
<testsuite hostname="LAPTOP-3DNME7KP" name="UploadFile.AutoItTest" tests="1" failures="0" timestamp="10 Apr 2020 09:27:47 GMT" time="0.331" errors="0">
  <testcase name="filrupload" time="0.331" classname="UploadFile.AutoItTest"/>
</testsuite> <!-- UploadFile.AutoItTest -->
