<?xml version="1.0" encoding="UTF-8"?>
<!-- Generated by org.testng.reporters.JUnitReportReporter -->
<testsuite hostname="LAPTOP-3DNME7KP" name="frameHandling.IframeHandle" tests="1" failures="0" timestamp="19 Jan 2020 14:29:19 GMT" time="1.292" errors="0">
  <testcase name="frameSwitch" time="1.292" classname="frameHandling.IframeHandle"/>
</testsuite> <!-- frameHandling.IframeHandle -->
