<?xml version="1.0" encoding="UTF-8"?>
<!-- Generated by org.testng.reporters.JUnitReportReporter -->
<testsuite hostname="LAPTOP-3DNME7KP" name="Sample.FrameWork.modules.LogIn" tests="2" failures="0" timestamp="7 Apr 2020 12:53:20 GMT" time="9.873" errors="0">
  <testcase name="homePage_ClickOnLoginButton" time="5.104" classname="Sample.FrameWork.modules.LogIn"/>
  <testcase name="enterCredentials" time="4.769" classname="Sample.FrameWork.modules.LogIn"/>
</testsuite> <!-- Sample.FrameWork.modules.LogIn -->
