<?xml version="1.0" encoding="UTF-8"?>
<!-- Generated by org.testng.reporters.JUnitReportReporter -->
<testsuite skipped="0" hostname="LAPTOP-3DNME7KP" name="Sample.FrameWork.modules.LogIn" tests="2" failures="0" timestamp="22 Apr 2020 18:16:37 GMT" time="8.298" errors="0">
  <testcase name="homePage_ClickOnLoginButton" time="4.495" classname="Sample.FrameWork.modules.LogIn"/>
  <testcase name="enterCredentials" time="3.803" classname="Sample.FrameWork.modules.LogIn"/>
</testsuite> <!-- Sample.FrameWork.modules.LogIn -->
