<?xml version="1.0" encoding="UTF-8"?>
<!-- Generated by org.testng.reporters.JUnitReportReporter -->
<testsuite skipped="0" hostname="LAPTOP-3DNME7KP" name="Sample.FrameWork.modules.LogIn" tests="2" failures="0" timestamp="22 Apr 2020 17:58:06 GMT" time="8.138" errors="0">
  <testcase name="homePage_ClickOnLoginButton" time="4.036" classname="Sample.FrameWork.modules.LogIn"/>
  <testcase name="enterCredentials" time="4.102" classname="Sample.FrameWork.modules.LogIn"/>
</testsuite> <!-- Sample.FrameWork.modules.LogIn -->
