<?xml version="1.0" encoding="UTF-8"?>
<!-- Generated by org.testng.reporters.JUnitReportReporter -->
<testsuite skipped="0" hostname="Tester" name="Sample.FrameWork.modules.LogIn" tests="2" failures="0" timestamp="23 Apr 2020 13:33:48 GMT" time="6.207" errors="0">
  <testcase name="homePage_ClickOnLoginButton" time="3.263" classname="Sample.FrameWork.modules.LogIn"/>
  <testcase name="enterCredentials" time="2.944" classname="Sample.FrameWork.modules.LogIn"/>
</testsuite> <!-- Sample.FrameWork.modules.LogIn -->
