<?xml version="1.0" encoding="UTF-8"?>
<!-- Generated by org.testng.reporters.JUnitReportReporter -->
<testsuite skipped="0" hostname="LAPTOP-3DNME7KP" name="Sample.FrameWork.modules.Download" tests="1" failures="0" timestamp="01 Feb 2020 11:13:56 GMT" time="7.737" errors="0">
  <testcase name="downloadpage" time="7.737" classname="Sample.FrameWork.modules.Download"/>
</testsuite> <!-- Sample.FrameWork.modules.Download -->
