<?xml version="1.0" encoding="UTF-8"?>
<!-- Generated by org.testng.reporters.JUnitReportReporter -->
<testsuite skipped="0" hostname="LAPTOP-3DNME7KP" name="Sample.FrameWork.modules.LogIn" tests="2" failures="0" timestamp="10 Apr 2020 09:01:16 GMT" time="5.591" errors="0">
  <testcase name="homePage_ClickOnLoginButton" time="3.388" classname="Sample.FrameWork.modules.LogIn"/>
  <testcase name="enterCredentials" time="2.203" classname="Sample.FrameWork.modules.LogIn"/>
</testsuite> <!-- Sample.FrameWork.modules.LogIn -->
