<?xml version="1.0" encoding="UTF-8"?>
<!-- Generated by org.testng.reporters.JUnitReportReporter -->
<testsuite skipped="0" hostname="LAPTOP-3DNME7KP" name="Sample.FrameWork.modules.LogIn" tests="2" failures="0" timestamp="29 Mar 2020 17:48:14 GMT" time="5.415" errors="0">
  <testcase name="homePage_ClickOnLoginButton" time="3.042" classname="Sample.FrameWork.modules.LogIn"/>
  <testcase name="enterCredentials" time="2.373" classname="Sample.FrameWork.modules.LogIn"/>
</testsuite> <!-- Sample.FrameWork.modules.LogIn -->
