<?xml version="1.0" encoding="UTF-8"?>
<!-- Generated by org.testng.reporters.JUnitReportReporter -->
<testsuite skipped="0" hostname="LAPTOP-3DNME7KP" name="Sample.FrameWork.modules.LogIn" tests="2" failures="0" timestamp="29 Feb 2020 16:03:05 GMT" time="8.974" errors="0">
  <testcase name="homePage_ClickOnLoginButton" time="5.305" classname="Sample.FrameWork.modules.LogIn"/>
  <testcase name="enterCredentials" time="3.669" classname="Sample.FrameWork.modules.LogIn"/>
</testsuite> <!-- Sample.FrameWork.modules.LogIn -->
