<?xml version="1.0" encoding="UTF-8"?>
<!-- Generated by org.testng.reporters.JUnitReportReporter -->
<testsuite skipped="0" hostname="LAPTOP-3DNME7KP" name="Sample.FrameWork.modules.LogIn" tests="2" failures="0" timestamp="29 Feb 2020 18:06:22 GMT" time="6.388" errors="0">
  <testcase name="homePage_ClickOnLoginButton" time="3.067" classname="Sample.FrameWork.modules.LogIn"/>
  <testcase name="enterCredentials" time="3.321" classname="Sample.FrameWork.modules.LogIn"/>
</testsuite> <!-- Sample.FrameWork.modules.LogIn -->
