<?xml version="1.0" encoding="UTF-8"?>
<!-- Generated by org.testng.reporters.JUnitReportReporter -->
<testsuite skipped="0" hostname="LAPTOP-3DNME7KP" name="Sample.FrameWork.modules.LogIn" tests="2" failures="0" timestamp="22 Apr 2020 19:31:49 GMT" time="8.367" errors="0">
  <testcase name="homePage_ClickOnLoginButton" time="3.320" classname="Sample.FrameWork.modules.LogIn"/>
  <testcase name="enterCredentials" time="5.047" classname="Sample.FrameWork.modules.LogIn"/>
</testsuite> <!-- Sample.FrameWork.modules.LogIn -->
